[2024-09-25T14:22:07.988+0000] {local_task_job_runner.py:123} INFO - ::group::Pre task execution logs
[2024-09-25T14:22:07.995+0000] {taskinstance.py:2612} INFO - Dependencies all met for dep_context=non-requeueable deps ti=<TaskInstance: name_of_pipeline.upload_to_milvus manual__2024-09-25T14:22:01.353821+00:00 [queued]>
[2024-09-25T14:22:07.999+0000] {taskinstance.py:2612} INFO - Dependencies all met for dep_context=requeueable deps ti=<TaskInstance: name_of_pipeline.upload_to_milvus manual__2024-09-25T14:22:01.353821+00:00 [queued]>
[2024-09-25T14:22:07.999+0000] {taskinstance.py:2865} INFO - Starting attempt 1 of 1
[2024-09-25T14:22:08.005+0000] {taskinstance.py:2888} INFO - Executing <Task(_PythonDecoratedOperator): upload_to_milvus> on 2024-09-25 14:22:01.353821+00:00
[2024-09-25T14:22:08.009+0000] {warnings.py:112} WARNING - /home/***/.local/lib/python3.12/site-packages/***/task/task_runner/standard_task_runner.py:70: DeprecationWarning: This process (pid=2179) is multi-threaded, use of fork() may lead to deadlocks in the child.
  pid = os.fork()

[2024-09-25T14:22:08.010+0000] {standard_task_runner.py:72} INFO - Started process 2181 to run task
[2024-09-25T14:22:08.010+0000] {standard_task_runner.py:104} INFO - Running: ['***', 'tasks', 'run', 'name_of_pipeline', 'upload_to_milvus', 'manual__2024-09-25T14:22:01.353821+00:00', '--job-id', '96', '--raw', '--subdir', 'DAGS_FOLDER/pipeline_reload.py', '--cfg-path', '/tmp/tmpydqyyfd3']
[2024-09-25T14:22:08.011+0000] {standard_task_runner.py:105} INFO - Job 96: Subtask upload_to_milvus
[2024-09-25T14:22:08.031+0000] {task_command.py:467} INFO - Running <TaskInstance: name_of_pipeline.upload_to_milvus manual__2024-09-25T14:22:01.353821+00:00 [running]> on host f40d972903b2
[2024-09-25T14:22:08.064+0000] {taskinstance.py:3131} INFO - Exporting env vars: AIRFLOW_CTX_DAG_OWNER='***' AIRFLOW_CTX_DAG_ID='name_of_pipeline' AIRFLOW_CTX_TASK_ID='upload_to_milvus' AIRFLOW_CTX_EXECUTION_DATE='2024-09-25T14:22:01.353821+00:00' AIRFLOW_CTX_TRY_NUMBER='1' AIRFLOW_CTX_DAG_RUN_ID='manual__2024-09-25T14:22:01.353821+00:00'
[2024-09-25T14:22:08.065+0000] {logging_mixin.py:190} INFO - Task instance is in running state
[2024-09-25T14:22:08.065+0000] {logging_mixin.py:190} INFO -  Previous state of the Task instance: queued
[2024-09-25T14:22:08.066+0000] {logging_mixin.py:190} INFO - Current task name:upload_to_milvus state:running start_date:2024-09-25 14:22:07.996189+00:00
[2024-09-25T14:22:08.066+0000] {logging_mixin.py:190} INFO - Dag name:name_of_pipeline and current dag run status:running
[2024-09-25T14:22:08.066+0000] {taskinstance.py:731} INFO - ::endgroup::
[2024-09-25T14:22:08.066+0000] {logging_mixin.py:190} INFO - hello
[2024-09-25T14:22:08.067+0000] {python.py:240} INFO - Done. Returned value was: None
[2024-09-25T14:22:08.071+0000] {taskinstance.py:340} INFO - ::group::Post task execution logs
[2024-09-25T14:22:08.071+0000] {taskinstance.py:352} INFO - Marking task as SUCCESS. dag_id=name_of_pipeline, task_id=upload_to_milvus, run_id=manual__2024-09-25T14:22:01.353821+00:00, execution_date=20240925T142201, start_date=20240925T142207, end_date=20240925T142208
[2024-09-25T14:22:08.074+0000] {logging_mixin.py:190} INFO - Task instance in success state
[2024-09-25T14:22:08.075+0000] {logging_mixin.py:190} INFO -  Previous state of the Task instance: running
[2024-09-25T14:22:08.075+0000] {logging_mixin.py:190} INFO - Dag name:name_of_pipeline queued_at:2024-09-25 14:22:01.361026+00:00
[2024-09-25T14:22:08.075+0000] {logging_mixin.py:190} INFO - Task hostname:f40d972903b2 operator:_PythonDecoratedOperator
[2024-09-25T14:22:08.115+0000] {local_task_job_runner.py:266} INFO - Task exited with return code 0
[2024-09-25T14:22:08.124+0000] {taskinstance.py:3900} INFO - 0 downstream tasks scheduled from follow-on schedule check
[2024-09-25T14:22:08.125+0000] {local_task_job_runner.py:245} INFO - ::endgroup::
