[2024-09-25T13:41:59.586+0000] {local_task_job_runner.py:123} INFO - ::group::Pre task execution logs
[2024-09-25T13:41:59.603+0000] {taskinstance.py:2612} INFO - Dependencies all met for dep_context=non-requeueable deps ti=<TaskInstance: name_of_pipeline.check_config manual__2024-09-25T13:41:57.482091+00:00 [queued]>
[2024-09-25T13:41:59.609+0000] {taskinstance.py:2612} INFO - Dependencies all met for dep_context=requeueable deps ti=<TaskInstance: name_of_pipeline.check_config manual__2024-09-25T13:41:57.482091+00:00 [queued]>
[2024-09-25T13:41:59.613+0000] {taskinstance.py:2865} INFO - Starting attempt 1 of 1
[2024-09-25T13:41:59.624+0000] {taskinstance.py:2888} INFO - Executing <Task(_PythonDecoratedOperator): check_config> on 2024-09-25 13:41:57.482091+00:00
[2024-09-25T13:41:59.628+0000] {warnings.py:112} WARNING - /home/***/.local/lib/python3.12/site-packages/***/task/task_runner/standard_task_runner.py:70: DeprecationWarning: This process (pid=1443) is multi-threaded, use of fork() may lead to deadlocks in the child.
  pid = os.fork()

[2024-09-25T13:41:59.631+0000] {standard_task_runner.py:72} INFO - Started process 1448 to run task
[2024-09-25T13:41:59.631+0000] {standard_task_runner.py:104} INFO - Running: ['***', 'tasks', 'run', 'name_of_pipeline', 'check_config', 'manual__2024-09-25T13:41:57.482091+00:00', '--job-id', '46', '--raw', '--subdir', 'DAGS_FOLDER/pipeline_reload.py', '--cfg-path', '/tmp/tmppcrwwhxn']
[2024-09-25T13:41:59.632+0000] {standard_task_runner.py:105} INFO - Job 46: Subtask check_config
[2024-09-25T13:41:59.670+0000] {task_command.py:467} INFO - Running <TaskInstance: name_of_pipeline.check_config manual__2024-09-25T13:41:57.482091+00:00 [running]> on host f40d972903b2
[2024-09-25T13:41:59.720+0000] {taskinstance.py:3131} INFO - Exporting env vars: AIRFLOW_CTX_DAG_OWNER='***' AIRFLOW_CTX_DAG_ID='name_of_pipeline' AIRFLOW_CTX_TASK_ID='check_config' AIRFLOW_CTX_EXECUTION_DATE='2024-09-25T13:41:57.482091+00:00' AIRFLOW_CTX_TRY_NUMBER='1' AIRFLOW_CTX_DAG_RUN_ID='manual__2024-09-25T13:41:57.482091+00:00'
[2024-09-25T13:41:59.721+0000] {logging_mixin.py:190} INFO - Task instance is in running state
[2024-09-25T13:41:59.721+0000] {logging_mixin.py:190} INFO -  Previous state of the Task instance: queued
[2024-09-25T13:41:59.721+0000] {logging_mixin.py:190} INFO - Current task name:check_config state:running start_date:2024-09-25 13:41:59.604205+00:00
[2024-09-25T13:41:59.722+0000] {logging_mixin.py:190} INFO - Dag name:name_of_pipeline and current dag run status:running
[2024-09-25T13:41:59.722+0000] {taskinstance.py:731} INFO - ::endgroup::
[2024-09-25T13:41:59.722+0000] {logging_mixin.py:190} INFO - hello
[2024-09-25T13:41:59.723+0000] {python.py:240} INFO - Done. Returned value was: None
[2024-09-25T13:41:59.728+0000] {taskinstance.py:340} INFO - ::group::Post task execution logs
[2024-09-25T13:41:59.729+0000] {taskinstance.py:352} INFO - Marking task as SUCCESS. dag_id=name_of_pipeline, task_id=check_config, run_id=manual__2024-09-25T13:41:57.482091+00:00, execution_date=20240925T134157, start_date=20240925T134159, end_date=20240925T134159
[2024-09-25T13:41:59.734+0000] {logging_mixin.py:190} INFO - Task instance in success state
[2024-09-25T13:41:59.735+0000] {logging_mixin.py:190} INFO -  Previous state of the Task instance: running
[2024-09-25T13:41:59.735+0000] {logging_mixin.py:190} INFO - Dag name:name_of_pipeline queued_at:2024-09-25 13:41:57.489807+00:00
[2024-09-25T13:41:59.735+0000] {logging_mixin.py:190} INFO - Task hostname:f40d972903b2 operator:_PythonDecoratedOperator
[2024-09-25T13:41:59.774+0000] {local_task_job_runner.py:266} INFO - Task exited with return code 0
[2024-09-25T13:41:59.784+0000] {dagrun.py:977} ERROR - Failed to get task for ti <TaskInstance: name_of_pipeline.rec_embedder__1 manual__2024-09-25T13:41:57.482091+00:00 [None]>. Marking it as removed.
[2024-09-25T13:41:59.787+0000] {dagrun.py:977} ERROR - Failed to get task for ti <TaskInstance: name_of_pipeline.search_embedder__1 manual__2024-09-25T13:41:57.482091+00:00 [None]>. Marking it as removed.
[2024-09-25T13:41:59.792+0000] {taskinstance.py:3900} INFO - 1 downstream tasks scheduled from follow-on schedule check
[2024-09-25T13:41:59.794+0000] {local_task_job_runner.py:245} INFO - ::endgroup::
