[2024-09-25T11:09:16.355+0000] {local_task_job_runner.py:123} INFO - ::group::Pre task execution logs
[2024-09-25T11:09:16.366+0000] {taskinstance.py:2612} INFO - Dependencies all met for dep_context=non-requeueable deps ti=<TaskInstance: name_of_pipeline.check_config manual__2024-09-25T11:09:11.685957+00:00 [queued]>
[2024-09-25T11:09:16.373+0000] {taskinstance.py:2612} INFO - Dependencies all met for dep_context=requeueable deps ti=<TaskInstance: name_of_pipeline.check_config manual__2024-09-25T11:09:11.685957+00:00 [queued]>
[2024-09-25T11:09:16.374+0000] {taskinstance.py:2865} INFO - Starting attempt 1 of 1
[2024-09-25T11:09:16.393+0000] {taskinstance.py:2888} INFO - Executing <Task(_PythonDecoratedOperator): check_config> on 2024-09-25 11:09:11.685957+00:00
[2024-09-25T11:09:16.415+0000] {warnings.py:112} WARNING - /home/***/.local/lib/python3.12/site-packages/***/task/task_runner/standard_task_runner.py:70: DeprecationWarning: This process (pid=63) is multi-threaded, use of fork() may lead to deadlocks in the child.
  pid = os.fork()

[2024-09-25T11:09:16.416+0000] {standard_task_runner.py:104} INFO - Running: ['***', 'tasks', 'run', 'name_of_pipeline', 'check_config', 'manual__2024-09-25T11:09:11.685957+00:00', '--job-id', '5', '--raw', '--subdir', 'DAGS_FOLDER/pipeline_reload.py', '--cfg-path', '/tmp/tmp7sqk7041']
[2024-09-25T11:09:16.418+0000] {standard_task_runner.py:72} INFO - Started process 66 to run task
[2024-09-25T11:09:16.418+0000] {standard_task_runner.py:105} INFO - Job 5: Subtask check_config
[2024-09-25T11:09:16.459+0000] {task_command.py:467} INFO - Running <TaskInstance: name_of_pipeline.check_config manual__2024-09-25T11:09:11.685957+00:00 [running]> on host f40d972903b2
[2024-09-25T11:09:16.577+0000] {taskinstance.py:3131} INFO - Exporting env vars: AIRFLOW_CTX_DAG_OWNER='***' AIRFLOW_CTX_DAG_ID='name_of_pipeline' AIRFLOW_CTX_TASK_ID='check_config' AIRFLOW_CTX_EXECUTION_DATE='2024-09-25T11:09:11.685957+00:00' AIRFLOW_CTX_TRY_NUMBER='1' AIRFLOW_CTX_DAG_RUN_ID='manual__2024-09-25T11:09:11.685957+00:00'
[2024-09-25T11:09:16.580+0000] {logging_mixin.py:190} INFO - Task instance is in running state
[2024-09-25T11:09:16.580+0000] {logging_mixin.py:190} INFO -  Previous state of the Task instance: queued
[2024-09-25T11:09:16.581+0000] {logging_mixin.py:190} INFO - Current task name:check_config state:running start_date:2024-09-25 11:09:16.367427+00:00
[2024-09-25T11:09:16.582+0000] {logging_mixin.py:190} INFO - Dag name:name_of_pipeline and current dag run status:running
[2024-09-25T11:09:16.582+0000] {taskinstance.py:731} INFO - ::endgroup::
[2024-09-25T11:09:16.584+0000] {logging_mixin.py:190} INFO - hello
[2024-09-25T11:09:16.585+0000] {python.py:240} INFO - Done. Returned value was: None
[2024-09-25T11:09:16.598+0000] {taskinstance.py:340} INFO - ::group::Post task execution logs
[2024-09-25T11:09:16.599+0000] {taskinstance.py:352} INFO - Marking task as SUCCESS. dag_id=name_of_pipeline, task_id=check_config, run_id=manual__2024-09-25T11:09:11.685957+00:00, execution_date=20240925T110911, start_date=20240925T110916, end_date=20240925T110916
[2024-09-25T11:09:16.605+0000] {logging_mixin.py:190} INFO - Task instance in success state
[2024-09-25T11:09:16.607+0000] {logging_mixin.py:190} INFO -  Previous state of the Task instance: running
[2024-09-25T11:09:16.607+0000] {logging_mixin.py:190} INFO - Dag name:name_of_pipeline queued_at:2024-09-25 11:09:11.722403+00:00
[2024-09-25T11:09:16.607+0000] {logging_mixin.py:190} INFO - Task hostname:f40d972903b2 operator:_PythonDecoratedOperator
[2024-09-25T11:09:16.643+0000] {local_task_job_runner.py:266} INFO - Task exited with return code 0
[2024-09-25T11:09:16.674+0000] {taskinstance.py:3900} INFO - 1 downstream tasks scheduled from follow-on schedule check
[2024-09-25T11:09:16.675+0000] {local_task_job_runner.py:245} INFO - ::endgroup::
