[2024-09-25T12:04:56.677+0000] {local_task_job_runner.py:123} INFO - ::group::Pre task execution logs
[2024-09-25T12:04:56.685+0000] {taskinstance.py:2612} INFO - Dependencies all met for dep_context=non-requeueable deps ti=<TaskInstance: name_of_pipeline.choose_branch manual__2024-09-25T12:04:53.257332+00:00 [queued]>
[2024-09-25T12:04:56.689+0000] {taskinstance.py:2612} INFO - Dependencies all met for dep_context=requeueable deps ti=<TaskInstance: name_of_pipeline.choose_branch manual__2024-09-25T12:04:53.257332+00:00 [queued]>
[2024-09-25T12:04:56.690+0000] {taskinstance.py:2865} INFO - Starting attempt 1 of 1
[2024-09-25T12:04:56.697+0000] {taskinstance.py:2888} INFO - Executing <Task(_PythonDecoratedOperator): choose_branch> on 2024-09-25 12:04:53.257332+00:00
[2024-09-25T12:04:56.701+0000] {warnings.py:112} WARNING - /home/***/.local/lib/python3.12/site-packages/***/task/task_runner/standard_task_runner.py:70: DeprecationWarning: This process (pid=618) is multi-threaded, use of fork() may lead to deadlocks in the child.
  pid = os.fork()

[2024-09-25T12:04:56.702+0000] {standard_task_runner.py:104} INFO - Running: ['***', 'tasks', 'run', 'name_of_pipeline', 'choose_branch', 'manual__2024-09-25T12:04:53.257332+00:00', '--job-id', '18', '--raw', '--subdir', 'DAGS_FOLDER/pipeline_reload.py', '--cfg-path', '/tmp/tmpsyi6uxi3']
[2024-09-25T12:04:56.703+0000] {standard_task_runner.py:72} INFO - Started process 620 to run task
[2024-09-25T12:04:56.703+0000] {standard_task_runner.py:105} INFO - Job 18: Subtask choose_branch
[2024-09-25T12:04:56.726+0000] {task_command.py:467} INFO - Running <TaskInstance: name_of_pipeline.choose_branch manual__2024-09-25T12:04:53.257332+00:00 [running]> on host f40d972903b2
[2024-09-25T12:04:56.766+0000] {taskinstance.py:3131} INFO - Exporting env vars: AIRFLOW_CTX_DAG_OWNER='***' AIRFLOW_CTX_DAG_ID='name_of_pipeline' AIRFLOW_CTX_TASK_ID='choose_branch' AIRFLOW_CTX_EXECUTION_DATE='2024-09-25T12:04:53.257332+00:00' AIRFLOW_CTX_TRY_NUMBER='1' AIRFLOW_CTX_DAG_RUN_ID='manual__2024-09-25T12:04:53.257332+00:00'
[2024-09-25T12:04:56.767+0000] {logging_mixin.py:190} INFO - Task instance is in running state
[2024-09-25T12:04:56.767+0000] {logging_mixin.py:190} INFO -  Previous state of the Task instance: queued
[2024-09-25T12:04:56.767+0000] {logging_mixin.py:190} INFO - Current task name:choose_branch state:running start_date:2024-09-25 12:04:56.686383+00:00
[2024-09-25T12:04:56.767+0000] {logging_mixin.py:190} INFO - Dag name:name_of_pipeline and current dag run status:running
[2024-09-25T12:04:56.768+0000] {taskinstance.py:731} INFO - ::endgroup::
[2024-09-25T12:04:56.768+0000] {python.py:240} INFO - Done. Returned value was: task_a
[2024-09-25T12:04:56.777+0000] {taskinstance.py:340} INFO - ::group::Post task execution logs
[2024-09-25T12:04:56.778+0000] {taskinstance.py:352} INFO - Marking task as SUCCESS. dag_id=name_of_pipeline, task_id=choose_branch, run_id=manual__2024-09-25T12:04:53.257332+00:00, execution_date=20240925T120453, start_date=20240925T120456, end_date=20240925T120456
[2024-09-25T12:04:56.781+0000] {logging_mixin.py:190} INFO - Task instance in success state
[2024-09-25T12:04:56.781+0000] {logging_mixin.py:190} INFO -  Previous state of the Task instance: running
[2024-09-25T12:04:56.782+0000] {logging_mixin.py:190} INFO - Dag name:name_of_pipeline queued_at:2024-09-25 12:04:53.273900+00:00
[2024-09-25T12:04:56.782+0000] {logging_mixin.py:190} INFO - Task hostname:f40d972903b2 operator:_PythonDecoratedOperator
[2024-09-25T12:04:56.805+0000] {local_task_job_runner.py:266} INFO - Task exited with return code 0
[2024-09-25T12:04:56.818+0000] {taskinstance.py:3900} INFO - 2 downstream tasks scheduled from follow-on schedule check
[2024-09-25T12:04:56.819+0000] {local_task_job_runner.py:245} INFO - ::endgroup::
