[2024-09-25T14:10:51.215+0000] {local_task_job_runner.py:123} INFO - ::group::Pre task execution logs
[2024-09-25T14:10:51.223+0000] {taskinstance.py:2612} INFO - Dependencies all met for dep_context=non-requeueable deps ti=<TaskInstance: name_of_pipeline.change_config_infrastructure manual__2024-09-25T14:10:49.771997+00:00 [queued]>
[2024-09-25T14:10:51.227+0000] {taskinstance.py:2612} INFO - Dependencies all met for dep_context=requeueable deps ti=<TaskInstance: name_of_pipeline.change_config_infrastructure manual__2024-09-25T14:10:49.771997+00:00 [queued]>
[2024-09-25T14:10:51.227+0000] {taskinstance.py:2865} INFO - Starting attempt 1 of 1
[2024-09-25T14:10:51.234+0000] {taskinstance.py:2888} INFO - Executing <Task(_PythonDecoratedOperator): change_config_infrastructure> on 2024-09-25 14:10:49.771997+00:00
[2024-09-25T14:10:51.238+0000] {warnings.py:112} WARNING - /home/***/.local/lib/python3.12/site-packages/***/task/task_runner/standard_task_runner.py:70: DeprecationWarning: This process (pid=1952) is multi-threaded, use of fork() may lead to deadlocks in the child.
  pid = os.fork()

[2024-09-25T14:10:51.241+0000] {standard_task_runner.py:72} INFO - Started process 1956 to run task
[2024-09-25T14:10:51.241+0000] {standard_task_runner.py:104} INFO - Running: ['***', 'tasks', 'run', 'name_of_pipeline', 'change_config_infrastructure', 'manual__2024-09-25T14:10:49.771997+00:00', '--job-id', '76', '--raw', '--subdir', 'DAGS_FOLDER/pipeline_reload.py', '--cfg-path', '/tmp/tmpo8jlycea']
[2024-09-25T14:10:51.243+0000] {standard_task_runner.py:105} INFO - Job 76: Subtask change_config_infrastructure
[2024-09-25T14:10:51.278+0000] {task_command.py:467} INFO - Running <TaskInstance: name_of_pipeline.change_config_infrastructure manual__2024-09-25T14:10:49.771997+00:00 [running]> on host f40d972903b2
[2024-09-25T14:10:51.325+0000] {taskinstance.py:3131} INFO - Exporting env vars: AIRFLOW_CTX_DAG_OWNER='***' AIRFLOW_CTX_DAG_ID='name_of_pipeline' AIRFLOW_CTX_TASK_ID='change_config_infrastructure' AIRFLOW_CTX_EXECUTION_DATE='2024-09-25T14:10:49.771997+00:00' AIRFLOW_CTX_TRY_NUMBER='1' AIRFLOW_CTX_DAG_RUN_ID='manual__2024-09-25T14:10:49.771997+00:00'
[2024-09-25T14:10:51.327+0000] {logging_mixin.py:190} INFO - Task instance is in running state
[2024-09-25T14:10:51.327+0000] {logging_mixin.py:190} INFO -  Previous state of the Task instance: queued
[2024-09-25T14:10:51.328+0000] {logging_mixin.py:190} INFO - Current task name:change_config_infrastructure state:running start_date:2024-09-25 14:10:51.223762+00:00
[2024-09-25T14:10:51.328+0000] {logging_mixin.py:190} INFO - Dag name:name_of_pipeline and current dag run status:running
[2024-09-25T14:10:51.328+0000] {taskinstance.py:731} INFO - ::endgroup::
[2024-09-25T14:10:51.329+0000] {logging_mixin.py:190} INFO - hello
[2024-09-25T14:10:51.329+0000] {python.py:240} INFO - Done. Returned value was: None
[2024-09-25T14:10:51.333+0000] {taskinstance.py:340} INFO - ::group::Post task execution logs
[2024-09-25T14:10:51.334+0000] {taskinstance.py:352} INFO - Marking task as SUCCESS. dag_id=name_of_pipeline, task_id=change_config_infrastructure, run_id=manual__2024-09-25T14:10:49.771997+00:00, execution_date=20240925T141049, start_date=20240925T141051, end_date=20240925T141051
[2024-09-25T14:10:51.338+0000] {logging_mixin.py:190} INFO - Task instance in success state
[2024-09-25T14:10:51.339+0000] {logging_mixin.py:190} INFO -  Previous state of the Task instance: running
[2024-09-25T14:10:51.339+0000] {logging_mixin.py:190} INFO - Dag name:name_of_pipeline queued_at:2024-09-25 14:10:49.781813+00:00
[2024-09-25T14:10:51.339+0000] {logging_mixin.py:190} INFO - Task hostname:f40d972903b2 operator:_PythonDecoratedOperator
[2024-09-25T14:10:51.383+0000] {local_task_job_runner.py:266} INFO - Task exited with return code 0
[2024-09-25T14:10:51.391+0000] {taskinstance.py:3900} INFO - 0 downstream tasks scheduled from follow-on schedule check
[2024-09-25T14:10:51.392+0000] {local_task_job_runner.py:245} INFO - ::endgroup::
