[2024-09-25T12:04:54.824+0000] {local_task_job_runner.py:123} INFO - ::group::Pre task execution logs
[2024-09-25T12:04:54.835+0000] {taskinstance.py:2612} INFO - Dependencies all met for dep_context=non-requeueable deps ti=<TaskInstance: name_of_pipeline.check_config manual__2024-09-25T12:04:53.257332+00:00 [queued]>
[2024-09-25T12:04:54.839+0000] {taskinstance.py:2612} INFO - Dependencies all met for dep_context=requeueable deps ti=<TaskInstance: name_of_pipeline.check_config manual__2024-09-25T12:04:53.257332+00:00 [queued]>
[2024-09-25T12:04:54.839+0000] {taskinstance.py:2865} INFO - Starting attempt 1 of 1
[2024-09-25T12:04:54.846+0000] {taskinstance.py:2888} INFO - Executing <Task(_PythonDecoratedOperator): check_config> on 2024-09-25 12:04:53.257332+00:00
[2024-09-25T12:04:54.850+0000] {warnings.py:112} WARNING - /home/***/.local/lib/python3.12/site-packages/***/task/task_runner/standard_task_runner.py:70: DeprecationWarning: This process (pid=610) is multi-threaded, use of fork() may lead to deadlocks in the child.
  pid = os.fork()

[2024-09-25T12:04:54.852+0000] {standard_task_runner.py:72} INFO - Started process 612 to run task
[2024-09-25T12:04:54.852+0000] {standard_task_runner.py:104} INFO - Running: ['***', 'tasks', 'run', 'name_of_pipeline', 'check_config', 'manual__2024-09-25T12:04:53.257332+00:00', '--job-id', '16', '--raw', '--subdir', 'DAGS_FOLDER/pipeline_reload.py', '--cfg-path', '/tmp/tmpoh_0c165']
[2024-09-25T12:04:54.853+0000] {standard_task_runner.py:105} INFO - Job 16: Subtask check_config
[2024-09-25T12:04:54.882+0000] {task_command.py:467} INFO - Running <TaskInstance: name_of_pipeline.check_config manual__2024-09-25T12:04:53.257332+00:00 [running]> on host f40d972903b2
[2024-09-25T12:04:54.931+0000] {taskinstance.py:3131} INFO - Exporting env vars: AIRFLOW_CTX_DAG_OWNER='***' AIRFLOW_CTX_DAG_ID='name_of_pipeline' AIRFLOW_CTX_TASK_ID='check_config' AIRFLOW_CTX_EXECUTION_DATE='2024-09-25T12:04:53.257332+00:00' AIRFLOW_CTX_TRY_NUMBER='1' AIRFLOW_CTX_DAG_RUN_ID='manual__2024-09-25T12:04:53.257332+00:00'
[2024-09-25T12:04:54.932+0000] {logging_mixin.py:190} INFO - Task instance is in running state
[2024-09-25T12:04:54.932+0000] {logging_mixin.py:190} INFO -  Previous state of the Task instance: queued
[2024-09-25T12:04:54.932+0000] {logging_mixin.py:190} INFO - Current task name:check_config state:running start_date:2024-09-25 12:04:54.835582+00:00
[2024-09-25T12:04:54.932+0000] {logging_mixin.py:190} INFO - Dag name:name_of_pipeline and current dag run status:running
[2024-09-25T12:04:54.933+0000] {taskinstance.py:731} INFO - ::endgroup::
[2024-09-25T12:04:54.933+0000] {logging_mixin.py:190} INFO - hello
[2024-09-25T12:04:54.933+0000] {python.py:240} INFO - Done. Returned value was: None
[2024-09-25T12:04:54.938+0000] {taskinstance.py:340} INFO - ::group::Post task execution logs
[2024-09-25T12:04:54.938+0000] {taskinstance.py:352} INFO - Marking task as SUCCESS. dag_id=name_of_pipeline, task_id=check_config, run_id=manual__2024-09-25T12:04:53.257332+00:00, execution_date=20240925T120453, start_date=20240925T120454, end_date=20240925T120454
[2024-09-25T12:04:54.942+0000] {logging_mixin.py:190} INFO - Task instance in success state
[2024-09-25T12:04:54.943+0000] {logging_mixin.py:190} INFO -  Previous state of the Task instance: running
[2024-09-25T12:04:54.943+0000] {logging_mixin.py:190} INFO - Dag name:name_of_pipeline queued_at:2024-09-25 12:04:53.273900+00:00
[2024-09-25T12:04:54.943+0000] {logging_mixin.py:190} INFO - Task hostname:f40d972903b2 operator:_PythonDecoratedOperator
[2024-09-25T12:04:54.953+0000] {local_task_job_runner.py:266} INFO - Task exited with return code 0
[2024-09-25T12:04:54.968+0000] {taskinstance.py:3900} INFO - 1 downstream tasks scheduled from follow-on schedule check
[2024-09-25T12:04:54.969+0000] {local_task_job_runner.py:245} INFO - ::endgroup::
