[2024-09-25T14:22:06.341+0000] {local_task_job_runner.py:123} INFO - ::group::Pre task execution logs
[2024-09-25T14:22:06.350+0000] {taskinstance.py:2612} INFO - Dependencies all met for dep_context=non-requeueable deps ti=<TaskInstance: name_of_pipeline.rec_embedder manual__2024-09-25T14:22:01.353821+00:00 [queued]>
[2024-09-25T14:22:06.356+0000] {taskinstance.py:2612} INFO - Dependencies all met for dep_context=requeueable deps ti=<TaskInstance: name_of_pipeline.rec_embedder manual__2024-09-25T14:22:01.353821+00:00 [queued]>
[2024-09-25T14:22:06.356+0000] {taskinstance.py:2865} INFO - Starting attempt 1 of 1
[2024-09-25T14:22:06.361+0000] {taskinstance.py:2888} INFO - Executing <Task(_PythonDecoratedOperator): rec_embedder> on 2024-09-25 14:22:01.353821+00:00
[2024-09-25T14:22:06.365+0000] {warnings.py:112} WARNING - /home/***/.local/lib/python3.12/site-packages/***/task/task_runner/standard_task_runner.py:70: DeprecationWarning: This process (pid=2175) is multi-threaded, use of fork() may lead to deadlocks in the child.
  pid = os.fork()

[2024-09-25T14:22:06.366+0000] {standard_task_runner.py:72} INFO - Started process 2177 to run task
[2024-09-25T14:22:06.366+0000] {standard_task_runner.py:104} INFO - Running: ['***', 'tasks', 'run', 'name_of_pipeline', 'rec_embedder', 'manual__2024-09-25T14:22:01.353821+00:00', '--job-id', '95', '--raw', '--subdir', 'DAGS_FOLDER/pipeline_reload.py', '--cfg-path', '/tmp/tmpcn2ka0dz']
[2024-09-25T14:22:06.367+0000] {standard_task_runner.py:105} INFO - Job 95: Subtask rec_embedder
[2024-09-25T14:22:06.388+0000] {task_command.py:467} INFO - Running <TaskInstance: name_of_pipeline.rec_embedder manual__2024-09-25T14:22:01.353821+00:00 [running]> on host f40d972903b2
[2024-09-25T14:22:06.427+0000] {taskinstance.py:3131} INFO - Exporting env vars: AIRFLOW_CTX_DAG_OWNER='***' AIRFLOW_CTX_DAG_ID='name_of_pipeline' AIRFLOW_CTX_TASK_ID='rec_embedder' AIRFLOW_CTX_EXECUTION_DATE='2024-09-25T14:22:01.353821+00:00' AIRFLOW_CTX_TRY_NUMBER='1' AIRFLOW_CTX_DAG_RUN_ID='manual__2024-09-25T14:22:01.353821+00:00'
[2024-09-25T14:22:06.428+0000] {logging_mixin.py:190} INFO - Task instance is in running state
[2024-09-25T14:22:06.428+0000] {logging_mixin.py:190} INFO -  Previous state of the Task instance: queued
[2024-09-25T14:22:06.428+0000] {logging_mixin.py:190} INFO - Current task name:rec_embedder state:running start_date:2024-09-25 14:22:06.351061+00:00
[2024-09-25T14:22:06.428+0000] {logging_mixin.py:190} INFO - Dag name:name_of_pipeline and current dag run status:running
[2024-09-25T14:22:06.429+0000] {taskinstance.py:731} INFO - ::endgroup::
[2024-09-25T14:22:06.429+0000] {logging_mixin.py:190} INFO - hello
[2024-09-25T14:22:06.429+0000] {python.py:240} INFO - Done. Returned value was: None
[2024-09-25T14:22:06.434+0000] {taskinstance.py:340} INFO - ::group::Post task execution logs
[2024-09-25T14:22:06.435+0000] {taskinstance.py:352} INFO - Marking task as SUCCESS. dag_id=name_of_pipeline, task_id=rec_embedder, run_id=manual__2024-09-25T14:22:01.353821+00:00, execution_date=20240925T142201, start_date=20240925T142206, end_date=20240925T142206
[2024-09-25T14:22:06.438+0000] {logging_mixin.py:190} INFO - Task instance in success state
[2024-09-25T14:22:06.439+0000] {logging_mixin.py:190} INFO -  Previous state of the Task instance: running
[2024-09-25T14:22:06.439+0000] {logging_mixin.py:190} INFO - Dag name:name_of_pipeline queued_at:2024-09-25 14:22:01.361026+00:00
[2024-09-25T14:22:06.439+0000] {logging_mixin.py:190} INFO - Task hostname:f40d972903b2 operator:_PythonDecoratedOperator
[2024-09-25T14:22:06.467+0000] {local_task_job_runner.py:266} INFO - Task exited with return code 0
[2024-09-25T14:22:06.478+0000] {taskinstance.py:3900} INFO - 1 downstream tasks scheduled from follow-on schedule check
[2024-09-25T14:22:06.479+0000] {local_task_job_runner.py:245} INFO - ::endgroup::
