[2024-09-25T14:11:26.364+0000] {local_task_job_runner.py:123} INFO - ::group::Pre task execution logs
[2024-09-25T14:11:26.372+0000] {taskinstance.py:2612} INFO - Dependencies all met for dep_context=non-requeueable deps ti=<TaskInstance: name_of_pipeline.check_config manual__2024-09-25T14:11:24.780702+00:00 [queued]>
[2024-09-25T14:11:26.375+0000] {taskinstance.py:2612} INFO - Dependencies all met for dep_context=requeueable deps ti=<TaskInstance: name_of_pipeline.check_config manual__2024-09-25T14:11:24.780702+00:00 [queued]>
[2024-09-25T14:11:26.376+0000] {taskinstance.py:2865} INFO - Starting attempt 1 of 1
[2024-09-25T14:11:26.381+0000] {taskinstance.py:2888} INFO - Executing <Task(_PythonDecoratedOperator): check_config> on 2024-09-25 14:11:24.780702+00:00
[2024-09-25T14:11:26.385+0000] {warnings.py:112} WARNING - /home/***/.local/lib/python3.12/site-packages/***/task/task_runner/standard_task_runner.py:70: DeprecationWarning: This process (pid=1982) is multi-threaded, use of fork() may lead to deadlocks in the child.
  pid = os.fork()

[2024-09-25T14:11:26.386+0000] {standard_task_runner.py:72} INFO - Started process 1984 to run task
[2024-09-25T14:11:26.386+0000] {standard_task_runner.py:104} INFO - Running: ['***', 'tasks', 'run', 'name_of_pipeline', 'check_config', 'manual__2024-09-25T14:11:24.780702+00:00', '--job-id', '82', '--raw', '--subdir', 'DAGS_FOLDER/pipeline_reload.py', '--cfg-path', '/tmp/tmptf3ottz_']
[2024-09-25T14:11:26.387+0000] {standard_task_runner.py:105} INFO - Job 82: Subtask check_config
[2024-09-25T14:11:26.410+0000] {task_command.py:467} INFO - Running <TaskInstance: name_of_pipeline.check_config manual__2024-09-25T14:11:24.780702+00:00 [running]> on host f40d972903b2
[2024-09-25T14:11:26.453+0000] {taskinstance.py:3131} INFO - Exporting env vars: AIRFLOW_CTX_DAG_OWNER='***' AIRFLOW_CTX_DAG_ID='name_of_pipeline' AIRFLOW_CTX_TASK_ID='check_config' AIRFLOW_CTX_EXECUTION_DATE='2024-09-25T14:11:24.780702+00:00' AIRFLOW_CTX_TRY_NUMBER='1' AIRFLOW_CTX_DAG_RUN_ID='manual__2024-09-25T14:11:24.780702+00:00'
[2024-09-25T14:11:26.454+0000] {logging_mixin.py:190} INFO - Task instance is in running state
[2024-09-25T14:11:26.454+0000] {logging_mixin.py:190} INFO -  Previous state of the Task instance: queued
[2024-09-25T14:11:26.455+0000] {logging_mixin.py:190} INFO - Current task name:check_config state:running start_date:2024-09-25 14:11:26.372448+00:00
[2024-09-25T14:11:26.455+0000] {logging_mixin.py:190} INFO - Dag name:name_of_pipeline and current dag run status:running
[2024-09-25T14:11:26.455+0000] {taskinstance.py:731} INFO - ::endgroup::
[2024-09-25T14:11:26.456+0000] {logging_mixin.py:190} INFO - hello
[2024-09-25T14:11:26.456+0000] {python.py:240} INFO - Done. Returned value was: None
[2024-09-25T14:11:26.461+0000] {taskinstance.py:340} INFO - ::group::Post task execution logs
[2024-09-25T14:11:26.461+0000] {taskinstance.py:352} INFO - Marking task as SUCCESS. dag_id=name_of_pipeline, task_id=check_config, run_id=manual__2024-09-25T14:11:24.780702+00:00, execution_date=20240925T141124, start_date=20240925T141126, end_date=20240925T141126
[2024-09-25T14:11:26.465+0000] {logging_mixin.py:190} INFO - Task instance in success state
[2024-09-25T14:11:26.465+0000] {logging_mixin.py:190} INFO -  Previous state of the Task instance: running
[2024-09-25T14:11:26.466+0000] {logging_mixin.py:190} INFO - Dag name:name_of_pipeline queued_at:2024-09-25 14:11:24.792048+00:00
[2024-09-25T14:11:26.466+0000] {logging_mixin.py:190} INFO - Task hostname:f40d972903b2 operator:_PythonDecoratedOperator
[2024-09-25T14:11:26.489+0000] {local_task_job_runner.py:266} INFO - Task exited with return code 0
[2024-09-25T14:11:26.506+0000] {taskinstance.py:3900} INFO - 1 downstream tasks scheduled from follow-on schedule check
[2024-09-25T14:11:26.508+0000] {local_task_job_runner.py:245} INFO - ::endgroup::
