[2024-09-25T12:04:57.857+0000] {local_task_job_runner.py:123} INFO - ::group::Pre task execution logs
[2024-09-25T12:04:57.864+0000] {taskinstance.py:2612} INFO - Dependencies all met for dep_context=non-requeueable deps ti=<TaskInstance: name_of_pipeline.rec_embedder manual__2024-09-25T12:04:53.257332+00:00 [queued]>
[2024-09-25T12:04:57.868+0000] {taskinstance.py:2612} INFO - Dependencies all met for dep_context=requeueable deps ti=<TaskInstance: name_of_pipeline.rec_embedder manual__2024-09-25T12:04:53.257332+00:00 [queued]>
[2024-09-25T12:04:57.869+0000] {taskinstance.py:2865} INFO - Starting attempt 1 of 1
[2024-09-25T12:04:57.875+0000] {taskinstance.py:2888} INFO - Executing <Task(_PythonDecoratedOperator): rec_embedder> on 2024-09-25 12:04:53.257332+00:00
[2024-09-25T12:04:57.879+0000] {warnings.py:112} WARNING - /home/***/.local/lib/python3.12/site-packages/***/task/task_runner/standard_task_runner.py:70: DeprecationWarning: This process (pid=622) is multi-threaded, use of fork() may lead to deadlocks in the child.
  pid = os.fork()

[2024-09-25T12:04:57.881+0000] {standard_task_runner.py:72} INFO - Started process 626 to run task
[2024-09-25T12:04:57.881+0000] {standard_task_runner.py:104} INFO - Running: ['***', 'tasks', 'run', 'name_of_pipeline', 'rec_embedder', 'manual__2024-09-25T12:04:53.257332+00:00', '--job-id', '19', '--raw', '--subdir', 'DAGS_FOLDER/pipeline_reload.py', '--cfg-path', '/tmp/tmpsnsmsqwj']
[2024-09-25T12:04:57.882+0000] {standard_task_runner.py:105} INFO - Job 19: Subtask rec_embedder
[2024-09-25T12:04:57.911+0000] {task_command.py:467} INFO - Running <TaskInstance: name_of_pipeline.rec_embedder manual__2024-09-25T12:04:53.257332+00:00 [running]> on host f40d972903b2
[2024-09-25T12:04:57.956+0000] {taskinstance.py:3131} INFO - Exporting env vars: AIRFLOW_CTX_DAG_OWNER='***' AIRFLOW_CTX_DAG_ID='name_of_pipeline' AIRFLOW_CTX_TASK_ID='rec_embedder' AIRFLOW_CTX_EXECUTION_DATE='2024-09-25T12:04:53.257332+00:00' AIRFLOW_CTX_TRY_NUMBER='1' AIRFLOW_CTX_DAG_RUN_ID='manual__2024-09-25T12:04:53.257332+00:00'
[2024-09-25T12:04:57.957+0000] {logging_mixin.py:190} INFO - Task instance is in running state
[2024-09-25T12:04:57.958+0000] {logging_mixin.py:190} INFO -  Previous state of the Task instance: queued
[2024-09-25T12:04:57.958+0000] {logging_mixin.py:190} INFO - Current task name:rec_embedder state:running start_date:2024-09-25 12:04:57.865073+00:00
[2024-09-25T12:04:57.958+0000] {logging_mixin.py:190} INFO - Dag name:name_of_pipeline and current dag run status:running
[2024-09-25T12:04:57.958+0000] {taskinstance.py:731} INFO - ::endgroup::
[2024-09-25T12:04:57.959+0000] {logging_mixin.py:190} INFO - hello
[2024-09-25T12:04:57.959+0000] {python.py:240} INFO - Done. Returned value was: None
[2024-09-25T12:04:57.964+0000] {taskinstance.py:340} INFO - ::group::Post task execution logs
[2024-09-25T12:04:57.964+0000] {taskinstance.py:352} INFO - Marking task as SUCCESS. dag_id=name_of_pipeline, task_id=rec_embedder, run_id=manual__2024-09-25T12:04:53.257332+00:00, execution_date=20240925T120453, start_date=20240925T120457, end_date=20240925T120457
[2024-09-25T12:04:57.969+0000] {logging_mixin.py:190} INFO - Task instance in success state
[2024-09-25T12:04:57.969+0000] {logging_mixin.py:190} INFO -  Previous state of the Task instance: running
[2024-09-25T12:04:57.969+0000] {logging_mixin.py:190} INFO - Dag name:name_of_pipeline queued_at:2024-09-25 12:04:53.273900+00:00
[2024-09-25T12:04:57.969+0000] {logging_mixin.py:190} INFO - Task hostname:f40d972903b2 operator:_PythonDecoratedOperator
[2024-09-25T12:04:57.980+0000] {local_task_job_runner.py:266} INFO - Task exited with return code 0
[2024-09-25T12:04:57.994+0000] {taskinstance.py:3900} INFO - 1 downstream tasks scheduled from follow-on schedule check
[2024-09-25T12:04:57.995+0000] {local_task_job_runner.py:245} INFO - ::endgroup::
