[2024-09-25T14:11:27.380+0000] {local_task_job_runner.py:123} INFO - ::group::Pre task execution logs
[2024-09-25T14:11:27.388+0000] {taskinstance.py:2612} INFO - Dependencies all met for dep_context=non-requeueable deps ti=<TaskInstance: name_of_pipeline.load manual__2024-09-25T14:11:24.780702+00:00 [queued]>
[2024-09-25T14:11:27.391+0000] {taskinstance.py:2612} INFO - Dependencies all met for dep_context=requeueable deps ti=<TaskInstance: name_of_pipeline.load manual__2024-09-25T14:11:24.780702+00:00 [queued]>
[2024-09-25T14:11:27.391+0000] {taskinstance.py:2865} INFO - Starting attempt 1 of 1
[2024-09-25T14:11:27.398+0000] {taskinstance.py:2888} INFO - Executing <Task(_PythonDecoratedOperator): load> on 2024-09-25 14:11:24.780702+00:00
[2024-09-25T14:11:27.401+0000] {warnings.py:112} WARNING - /home/***/.local/lib/python3.12/site-packages/***/task/task_runner/standard_task_runner.py:70: DeprecationWarning: This process (pid=1986) is multi-threaded, use of fork() may lead to deadlocks in the child.
  pid = os.fork()

[2024-09-25T14:11:27.402+0000] {standard_task_runner.py:72} INFO - Started process 1988 to run task
[2024-09-25T14:11:27.402+0000] {standard_task_runner.py:104} INFO - Running: ['***', 'tasks', 'run', 'name_of_pipeline', 'load', 'manual__2024-09-25T14:11:24.780702+00:00', '--job-id', '83', '--raw', '--subdir', 'DAGS_FOLDER/pipeline_reload.py', '--cfg-path', '/tmp/tmpj7xh5a3j']
[2024-09-25T14:11:27.403+0000] {standard_task_runner.py:105} INFO - Job 83: Subtask load
[2024-09-25T14:11:27.425+0000] {task_command.py:467} INFO - Running <TaskInstance: name_of_pipeline.load manual__2024-09-25T14:11:24.780702+00:00 [running]> on host f40d972903b2
[2024-09-25T14:11:27.468+0000] {taskinstance.py:3131} INFO - Exporting env vars: AIRFLOW_CTX_DAG_OWNER='***' AIRFLOW_CTX_DAG_ID='name_of_pipeline' AIRFLOW_CTX_TASK_ID='load' AIRFLOW_CTX_EXECUTION_DATE='2024-09-25T14:11:24.780702+00:00' AIRFLOW_CTX_TRY_NUMBER='1' AIRFLOW_CTX_DAG_RUN_ID='manual__2024-09-25T14:11:24.780702+00:00'
[2024-09-25T14:11:27.469+0000] {logging_mixin.py:190} INFO - Task instance is in running state
[2024-09-25T14:11:27.470+0000] {logging_mixin.py:190} INFO -  Previous state of the Task instance: queued
[2024-09-25T14:11:27.470+0000] {logging_mixin.py:190} INFO - Current task name:load state:running start_date:2024-09-25 14:11:27.388434+00:00
[2024-09-25T14:11:27.470+0000] {logging_mixin.py:190} INFO - Dag name:name_of_pipeline and current dag run status:running
[2024-09-25T14:11:27.470+0000] {taskinstance.py:731} INFO - ::endgroup::
[2024-09-25T14:11:27.471+0000] {logging_mixin.py:190} INFO - hello
[2024-09-25T14:11:27.471+0000] {python.py:240} INFO - Done. Returned value was: None
[2024-09-25T14:11:27.476+0000] {taskinstance.py:340} INFO - ::group::Post task execution logs
[2024-09-25T14:11:27.477+0000] {taskinstance.py:352} INFO - Marking task as SUCCESS. dag_id=name_of_pipeline, task_id=load, run_id=manual__2024-09-25T14:11:24.780702+00:00, execution_date=20240925T141124, start_date=20240925T141127, end_date=20240925T141127
[2024-09-25T14:11:27.482+0000] {logging_mixin.py:190} INFO - Task instance in success state
[2024-09-25T14:11:27.482+0000] {logging_mixin.py:190} INFO -  Previous state of the Task instance: running
[2024-09-25T14:11:27.482+0000] {logging_mixin.py:190} INFO - Dag name:name_of_pipeline queued_at:2024-09-25 14:11:24.792048+00:00
[2024-09-25T14:11:27.483+0000] {logging_mixin.py:190} INFO - Task hostname:f40d972903b2 operator:_PythonDecoratedOperator
[2024-09-25T14:11:27.504+0000] {local_task_job_runner.py:266} INFO - Task exited with return code 0
[2024-09-25T14:11:27.522+0000] {taskinstance.py:3900} INFO - 1 downstream tasks scheduled from follow-on schedule check
[2024-09-25T14:11:27.523+0000] {local_task_job_runner.py:245} INFO - ::endgroup::
