[2024-09-25T14:49:00.671+0000] {local_task_job_runner.py:123} INFO - ::group::Pre task execution logs
[2024-09-25T14:49:00.681+0000] {taskinstance.py:2612} INFO - Dependencies all met for dep_context=non-requeueable deps ti=<TaskInstance: name_of_pipeline.rec_embedder manual__2024-09-25T14:48:54.900199+00:00 [queued]>
[2024-09-25T14:49:00.687+0000] {taskinstance.py:2612} INFO - Dependencies all met for dep_context=requeueable deps ti=<TaskInstance: name_of_pipeline.rec_embedder manual__2024-09-25T14:48:54.900199+00:00 [queued]>
[2024-09-25T14:49:00.688+0000] {taskinstance.py:2865} INFO - Starting attempt 1 of 1
[2024-09-25T14:49:00.695+0000] {taskinstance.py:2888} INFO - Executing <Task(_PythonDecoratedOperator): rec_embedder> on 2024-09-25 14:48:54.900199+00:00
[2024-09-25T14:49:00.698+0000] {warnings.py:112} WARNING - /home/***/.local/lib/python3.12/site-packages/***/task/task_runner/standard_task_runner.py:70: DeprecationWarning: This process (pid=2574) is multi-threaded, use of fork() may lead to deadlocks in the child.
  pid = os.fork()

[2024-09-25T14:49:00.700+0000] {standard_task_runner.py:104} INFO - Running: ['***', 'tasks', 'run', 'name_of_pipeline', 'rec_embedder', 'manual__2024-09-25T14:48:54.900199+00:00', '--job-id', '106', '--raw', '--subdir', 'DAGS_FOLDER/pipeline_reload.py', '--cfg-path', '/tmp/tmppb52f3e7']
[2024-09-25T14:49:00.700+0000] {standard_task_runner.py:72} INFO - Started process 2576 to run task
[2024-09-25T14:49:00.700+0000] {standard_task_runner.py:105} INFO - Job 106: Subtask rec_embedder
[2024-09-25T14:49:00.722+0000] {task_command.py:467} INFO - Running <TaskInstance: name_of_pipeline.rec_embedder manual__2024-09-25T14:48:54.900199+00:00 [running]> on host f40d972903b2
[2024-09-25T14:49:00.761+0000] {taskinstance.py:3131} INFO - Exporting env vars: AIRFLOW_CTX_DAG_OWNER='***' AIRFLOW_CTX_DAG_ID='name_of_pipeline' AIRFLOW_CTX_TASK_ID='rec_embedder' AIRFLOW_CTX_EXECUTION_DATE='2024-09-25T14:48:54.900199+00:00' AIRFLOW_CTX_TRY_NUMBER='1' AIRFLOW_CTX_DAG_RUN_ID='manual__2024-09-25T14:48:54.900199+00:00'
[2024-09-25T14:49:00.762+0000] {logging_mixin.py:190} INFO - Task instance is in running state
[2024-09-25T14:49:00.762+0000] {logging_mixin.py:190} INFO -  Previous state of the Task instance: queued
[2024-09-25T14:49:00.762+0000] {logging_mixin.py:190} INFO - Current task name:rec_embedder state:running start_date:2024-09-25 14:49:00.682166+00:00
[2024-09-25T14:49:00.763+0000] {logging_mixin.py:190} INFO - Dag name:name_of_pipeline and current dag run status:running
[2024-09-25T14:49:00.763+0000] {taskinstance.py:731} INFO - ::endgroup::
[2024-09-25T14:49:00.763+0000] {logging_mixin.py:190} INFO - hello
[2024-09-25T14:49:00.764+0000] {python.py:240} INFO - Done. Returned value was: None
[2024-09-25T14:49:00.768+0000] {taskinstance.py:340} INFO - ::group::Post task execution logs
[2024-09-25T14:49:00.768+0000] {taskinstance.py:352} INFO - Marking task as SUCCESS. dag_id=name_of_pipeline, task_id=rec_embedder, run_id=manual__2024-09-25T14:48:54.900199+00:00, execution_date=20240925T144854, start_date=20240925T144900, end_date=20240925T144900
[2024-09-25T14:49:00.772+0000] {logging_mixin.py:190} INFO - Task instance in success state
[2024-09-25T14:49:00.773+0000] {logging_mixin.py:190} INFO -  Previous state of the Task instance: running
[2024-09-25T14:49:00.773+0000] {logging_mixin.py:190} INFO - Dag name:name_of_pipeline queued_at:2024-09-25 14:48:54.913992+00:00
[2024-09-25T14:49:00.773+0000] {logging_mixin.py:190} INFO - Task hostname:f40d972903b2 operator:_PythonDecoratedOperator
[2024-09-25T14:49:00.803+0000] {local_task_job_runner.py:266} INFO - Task exited with return code 0
[2024-09-25T14:49:00.815+0000] {taskinstance.py:3900} INFO - 1 downstream tasks scheduled from follow-on schedule check
[2024-09-25T14:49:00.816+0000] {local_task_job_runner.py:245} INFO - ::endgroup::
