[2024-09-25T14:03:51.700+0000] {local_task_job_runner.py:123} INFO - ::group::Pre task execution logs
[2024-09-25T14:03:51.708+0000] {taskinstance.py:2612} INFO - Dependencies all met for dep_context=non-requeueable deps ti=<TaskInstance: name_of_pipeline.choose_branch manual__2024-09-25T14:03:48.982067+00:00 [queued]>
[2024-09-25T14:03:51.713+0000] {taskinstance.py:2612} INFO - Dependencies all met for dep_context=requeueable deps ti=<TaskInstance: name_of_pipeline.choose_branch manual__2024-09-25T14:03:48.982067+00:00 [queued]>
[2024-09-25T14:03:51.713+0000] {taskinstance.py:2865} INFO - Starting attempt 1 of 1
[2024-09-25T14:03:51.719+0000] {taskinstance.py:2888} INFO - Executing <Task(_BranchPythonDecoratedOperator): choose_branch> on 2024-09-25 14:03:48.982067+00:00
[2024-09-25T14:03:51.722+0000] {warnings.py:112} WARNING - /home/***/.local/lib/python3.12/site-packages/***/task/task_runner/standard_task_runner.py:70: DeprecationWarning: This process (pid=1842) is multi-threaded, use of fork() may lead to deadlocks in the child.
  pid = os.fork()

[2024-09-25T14:03:51.723+0000] {standard_task_runner.py:72} INFO - Started process 1844 to run task
[2024-09-25T14:03:51.724+0000] {standard_task_runner.py:104} INFO - Running: ['***', 'tasks', 'run', 'name_of_pipeline', 'choose_branch', 'manual__2024-09-25T14:03:48.982067+00:00', '--job-id', '73', '--raw', '--subdir', 'DAGS_FOLDER/pipeline_reload.py', '--cfg-path', '/tmp/tmpp_w0i73z']
[2024-09-25T14:03:51.725+0000] {standard_task_runner.py:105} INFO - Job 73: Subtask choose_branch
[2024-09-25T14:03:51.748+0000] {task_command.py:467} INFO - Running <TaskInstance: name_of_pipeline.choose_branch manual__2024-09-25T14:03:48.982067+00:00 [running]> on host f40d972903b2
[2024-09-25T14:03:51.786+0000] {taskinstance.py:3131} INFO - Exporting env vars: AIRFLOW_CTX_DAG_OWNER='***' AIRFLOW_CTX_DAG_ID='name_of_pipeline' AIRFLOW_CTX_TASK_ID='choose_branch' AIRFLOW_CTX_EXECUTION_DATE='2024-09-25T14:03:48.982067+00:00' AIRFLOW_CTX_TRY_NUMBER='1' AIRFLOW_CTX_DAG_RUN_ID='manual__2024-09-25T14:03:48.982067+00:00'
[2024-09-25T14:03:51.787+0000] {logging_mixin.py:190} INFO - Task instance is in running state
[2024-09-25T14:03:51.787+0000] {logging_mixin.py:190} INFO -  Previous state of the Task instance: queued
[2024-09-25T14:03:51.788+0000] {logging_mixin.py:190} INFO - Current task name:choose_branch state:running start_date:2024-09-25 14:03:51.708498+00:00
[2024-09-25T14:03:51.788+0000] {logging_mixin.py:190} INFO - Dag name:name_of_pipeline and current dag run status:running
[2024-09-25T14:03:51.788+0000] {taskinstance.py:731} INFO - ::endgroup::
[2024-09-25T14:03:51.788+0000] {python.py:240} INFO - Done. Returned value was: search_embedder
[2024-09-25T14:03:51.789+0000] {branch.py:38} INFO - Branch into search_embedder
[2024-09-25T14:03:51.789+0000] {skipmixin.py:230} INFO - Following branch ('search_embedder',)
[2024-09-25T14:03:51.795+0000] {skipmixin.py:278} INFO - Skipping tasks [('rec_embedder', -1)]
[2024-09-25T14:03:51.812+0000] {taskinstance.py:340} INFO - ::group::Post task execution logs
[2024-09-25T14:03:51.813+0000] {taskinstance.py:352} INFO - Marking task as SUCCESS. dag_id=name_of_pipeline, task_id=choose_branch, run_id=manual__2024-09-25T14:03:48.982067+00:00, execution_date=20240925T140348, start_date=20240925T140351, end_date=20240925T140351
[2024-09-25T14:03:51.818+0000] {logging_mixin.py:190} INFO - Task instance in success state
[2024-09-25T14:03:51.818+0000] {logging_mixin.py:190} INFO -  Previous state of the Task instance: running
[2024-09-25T14:03:51.818+0000] {logging_mixin.py:190} INFO - Dag name:name_of_pipeline queued_at:2024-09-25 14:03:48.994103+00:00
[2024-09-25T14:03:51.819+0000] {logging_mixin.py:190} INFO - Task hostname:f40d972903b2 operator:_BranchPythonDecoratedOperator
[2024-09-25T14:03:51.825+0000] {local_task_job_runner.py:266} INFO - Task exited with return code 0
[2024-09-25T14:03:51.842+0000] {taskinstance.py:3900} INFO - 1 downstream tasks scheduled from follow-on schedule check
[2024-09-25T14:03:51.844+0000] {local_task_job_runner.py:245} INFO - ::endgroup::
