[2024-09-25T12:04:59.599+0000] {local_task_job_runner.py:123} INFO - ::group::Pre task execution logs
[2024-09-25T12:04:59.606+0000] {taskinstance.py:2612} INFO - Dependencies all met for dep_context=non-requeueable deps ti=<TaskInstance: name_of_pipeline.upload_to_milvus__1 manual__2024-09-25T12:04:53.257332+00:00 [queued]>
[2024-09-25T12:04:59.610+0000] {taskinstance.py:2612} INFO - Dependencies all met for dep_context=requeueable deps ti=<TaskInstance: name_of_pipeline.upload_to_milvus__1 manual__2024-09-25T12:04:53.257332+00:00 [queued]>
[2024-09-25T12:04:59.610+0000] {taskinstance.py:2865} INFO - Starting attempt 1 of 1
[2024-09-25T12:04:59.617+0000] {taskinstance.py:2888} INFO - Executing <Task(_PythonDecoratedOperator): upload_to_milvus__1> on 2024-09-25 12:04:53.257332+00:00
[2024-09-25T12:04:59.622+0000] {warnings.py:112} WARNING - /home/***/.local/lib/python3.12/site-packages/***/task/task_runner/standard_task_runner.py:70: DeprecationWarning: This process (pid=631) is multi-threaded, use of fork() may lead to deadlocks in the child.
  pid = os.fork()

[2024-09-25T12:04:59.623+0000] {standard_task_runner.py:72} INFO - Started process 634 to run task
[2024-09-25T12:04:59.623+0000] {standard_task_runner.py:104} INFO - Running: ['***', 'tasks', 'run', 'name_of_pipeline', 'upload_to_milvus__1', 'manual__2024-09-25T12:04:53.257332+00:00', '--job-id', '22', '--raw', '--subdir', 'DAGS_FOLDER/pipeline_reload.py', '--cfg-path', '/tmp/tmpokq_5v5e']
[2024-09-25T12:04:59.624+0000] {standard_task_runner.py:105} INFO - Job 22: Subtask upload_to_milvus__1
[2024-09-25T12:04:59.649+0000] {task_command.py:467} INFO - Running <TaskInstance: name_of_pipeline.upload_to_milvus__1 manual__2024-09-25T12:04:53.257332+00:00 [running]> on host f40d972903b2
[2024-09-25T12:04:59.689+0000] {taskinstance.py:3131} INFO - Exporting env vars: AIRFLOW_CTX_DAG_OWNER='***' AIRFLOW_CTX_DAG_ID='name_of_pipeline' AIRFLOW_CTX_TASK_ID='upload_to_milvus__1' AIRFLOW_CTX_EXECUTION_DATE='2024-09-25T12:04:53.257332+00:00' AIRFLOW_CTX_TRY_NUMBER='1' AIRFLOW_CTX_DAG_RUN_ID='manual__2024-09-25T12:04:53.257332+00:00'
[2024-09-25T12:04:59.691+0000] {logging_mixin.py:190} INFO - Task instance is in running state
[2024-09-25T12:04:59.691+0000] {logging_mixin.py:190} INFO -  Previous state of the Task instance: queued
[2024-09-25T12:04:59.692+0000] {logging_mixin.py:190} INFO - Current task name:upload_to_milvus__1 state:running start_date:2024-09-25 12:04:59.607157+00:00
[2024-09-25T12:04:59.692+0000] {logging_mixin.py:190} INFO - Dag name:name_of_pipeline and current dag run status:running
[2024-09-25T12:04:59.692+0000] {taskinstance.py:731} INFO - ::endgroup::
[2024-09-25T12:04:59.693+0000] {logging_mixin.py:190} INFO - hello
[2024-09-25T12:04:59.693+0000] {python.py:240} INFO - Done. Returned value was: None
[2024-09-25T12:04:59.698+0000] {taskinstance.py:340} INFO - ::group::Post task execution logs
[2024-09-25T12:04:59.699+0000] {taskinstance.py:352} INFO - Marking task as SUCCESS. dag_id=name_of_pipeline, task_id=upload_to_milvus__1, run_id=manual__2024-09-25T12:04:53.257332+00:00, execution_date=20240925T120453, start_date=20240925T120459, end_date=20240925T120459
[2024-09-25T12:04:59.704+0000] {logging_mixin.py:190} INFO - Task instance in success state
[2024-09-25T12:04:59.705+0000] {logging_mixin.py:190} INFO -  Previous state of the Task instance: running
[2024-09-25T12:04:59.706+0000] {logging_mixin.py:190} INFO - Dag name:name_of_pipeline queued_at:2024-09-25 12:04:53.273900+00:00
[2024-09-25T12:04:59.706+0000] {logging_mixin.py:190} INFO - Task hostname:f40d972903b2 operator:_PythonDecoratedOperator
[2024-09-25T12:04:59.724+0000] {local_task_job_runner.py:266} INFO - Task exited with return code 0
[2024-09-25T12:04:59.729+0000] {local_task_job_runner.py:245} INFO - ::endgroup::
