[2024-09-25T14:14:46.012+0000] {local_task_job_runner.py:123} INFO - ::group::Pre task execution logs
[2024-09-25T14:14:46.020+0000] {taskinstance.py:2612} INFO - Dependencies all met for dep_context=non-requeueable deps ti=<TaskInstance: name_of_pipeline.choose_branch manual__2024-09-25T14:14:41.337922+00:00 [queued]>
[2024-09-25T14:14:46.023+0000] {taskinstance.py:2612} INFO - Dependencies all met for dep_context=requeueable deps ti=<TaskInstance: name_of_pipeline.choose_branch manual__2024-09-25T14:14:41.337922+00:00 [queued]>
[2024-09-25T14:14:46.023+0000] {taskinstance.py:2865} INFO - Starting attempt 1 of 1
[2024-09-25T14:14:46.029+0000] {taskinstance.py:2888} INFO - Executing <Task(_BranchPythonDecoratedOperator): choose_branch> on 2024-09-25 14:14:41.337922+00:00
[2024-09-25T14:14:46.033+0000] {warnings.py:112} WARNING - /home/***/.local/lib/python3.12/site-packages/***/task/task_runner/standard_task_runner.py:70: DeprecationWarning: This process (pid=2053) is multi-threaded, use of fork() may lead to deadlocks in the child.
  pid = os.fork()

[2024-09-25T14:14:46.034+0000] {standard_task_runner.py:72} INFO - Started process 2055 to run task
[2024-09-25T14:14:46.034+0000] {standard_task_runner.py:104} INFO - Running: ['***', 'tasks', 'run', 'name_of_pipeline', 'choose_branch', 'manual__2024-09-25T14:14:41.337922+00:00', '--job-id', '89', '--raw', '--subdir', 'DAGS_FOLDER/pipeline_reload.py', '--cfg-path', '/tmp/tmp_g922p67']
[2024-09-25T14:14:46.035+0000] {standard_task_runner.py:105} INFO - Job 89: Subtask choose_branch
[2024-09-25T14:14:46.059+0000] {task_command.py:467} INFO - Running <TaskInstance: name_of_pipeline.choose_branch manual__2024-09-25T14:14:41.337922+00:00 [running]> on host f40d972903b2
[2024-09-25T14:14:46.098+0000] {taskinstance.py:3131} INFO - Exporting env vars: AIRFLOW_CTX_DAG_OWNER='***' AIRFLOW_CTX_DAG_ID='name_of_pipeline' AIRFLOW_CTX_TASK_ID='choose_branch' AIRFLOW_CTX_EXECUTION_DATE='2024-09-25T14:14:41.337922+00:00' AIRFLOW_CTX_TRY_NUMBER='1' AIRFLOW_CTX_DAG_RUN_ID='manual__2024-09-25T14:14:41.337922+00:00'
[2024-09-25T14:14:46.099+0000] {logging_mixin.py:190} INFO - Task instance is in running state
[2024-09-25T14:14:46.099+0000] {logging_mixin.py:190} INFO -  Previous state of the Task instance: queued
[2024-09-25T14:14:46.100+0000] {logging_mixin.py:190} INFO - Current task name:choose_branch state:running start_date:2024-09-25 14:14:46.020494+00:00
[2024-09-25T14:14:46.100+0000] {logging_mixin.py:190} INFO - Dag name:name_of_pipeline and current dag run status:running
[2024-09-25T14:14:46.100+0000] {taskinstance.py:731} INFO - ::endgroup::
[2024-09-25T14:14:46.101+0000] {python.py:240} INFO - Done. Returned value was: search_embedder
[2024-09-25T14:14:46.101+0000] {branch.py:38} INFO - Branch into search_embedder
[2024-09-25T14:14:46.101+0000] {skipmixin.py:230} INFO - Following branch ('search_embedder',)
[2024-09-25T14:14:46.107+0000] {skipmixin.py:278} INFO - Skipping tasks [('rec_embedder', -1)]
[2024-09-25T14:14:46.124+0000] {taskinstance.py:340} INFO - ::group::Post task execution logs
[2024-09-25T14:14:46.124+0000] {taskinstance.py:352} INFO - Marking task as SUCCESS. dag_id=name_of_pipeline, task_id=choose_branch, run_id=manual__2024-09-25T14:14:41.337922+00:00, execution_date=20240925T141441, start_date=20240925T141446, end_date=20240925T141446
[2024-09-25T14:14:46.129+0000] {logging_mixin.py:190} INFO - Task instance in success state
[2024-09-25T14:14:46.130+0000] {logging_mixin.py:190} INFO -  Previous state of the Task instance: running
[2024-09-25T14:14:46.130+0000] {logging_mixin.py:190} INFO - Dag name:name_of_pipeline queued_at:2024-09-25 14:14:41.346220+00:00
[2024-09-25T14:14:46.130+0000] {logging_mixin.py:190} INFO - Task hostname:f40d972903b2 operator:_BranchPythonDecoratedOperator
[2024-09-25T14:14:46.136+0000] {local_task_job_runner.py:266} INFO - Task exited with return code 0
[2024-09-25T14:14:46.155+0000] {taskinstance.py:3900} INFO - 1 downstream tasks scheduled from follow-on schedule check
[2024-09-25T14:14:46.158+0000] {local_task_job_runner.py:245} INFO - ::endgroup::
