[2024-09-25T14:03:42.624+0000] {local_task_job_runner.py:123} INFO - ::group::Pre task execution logs
[2024-09-25T14:03:42.631+0000] {taskinstance.py:2612} INFO - Dependencies all met for dep_context=non-requeueable deps ti=<TaskInstance: name_of_pipeline.upload_to_milvus manual__2024-09-25T14:03:35.812671+00:00 [queued]>
[2024-09-25T14:03:42.635+0000] {taskinstance.py:2612} INFO - Dependencies all met for dep_context=requeueable deps ti=<TaskInstance: name_of_pipeline.upload_to_milvus manual__2024-09-25T14:03:35.812671+00:00 [queued]>
[2024-09-25T14:03:42.635+0000] {taskinstance.py:2865} INFO - Starting attempt 1 of 1
[2024-09-25T14:03:42.640+0000] {taskinstance.py:2888} INFO - Executing <Task(_PythonDecoratedOperator): upload_to_milvus> on 2024-09-25 14:03:35.812671+00:00
[2024-09-25T14:03:42.643+0000] {warnings.py:112} WARNING - /home/***/.local/lib/python3.12/site-packages/***/task/task_runner/standard_task_runner.py:70: DeprecationWarning: This process (pid=1830) is multi-threaded, use of fork() may lead to deadlocks in the child.
  pid = os.fork()

[2024-09-25T14:03:42.645+0000] {standard_task_runner.py:104} INFO - Running: ['***', 'tasks', 'run', 'name_of_pipeline', 'upload_to_milvus', 'manual__2024-09-25T14:03:35.812671+00:00', '--job-id', '70', '--raw', '--subdir', 'DAGS_FOLDER/pipeline_reload.py', '--cfg-path', '/tmp/tmpvcyi8a_m']
[2024-09-25T14:03:42.645+0000] {standard_task_runner.py:72} INFO - Started process 1832 to run task
[2024-09-25T14:03:42.645+0000] {standard_task_runner.py:105} INFO - Job 70: Subtask upload_to_milvus
[2024-09-25T14:03:42.665+0000] {task_command.py:467} INFO - Running <TaskInstance: name_of_pipeline.upload_to_milvus manual__2024-09-25T14:03:35.812671+00:00 [running]> on host f40d972903b2
[2024-09-25T14:03:42.699+0000] {taskinstance.py:3131} INFO - Exporting env vars: AIRFLOW_CTX_DAG_OWNER='***' AIRFLOW_CTX_DAG_ID='name_of_pipeline' AIRFLOW_CTX_TASK_ID='upload_to_milvus' AIRFLOW_CTX_EXECUTION_DATE='2024-09-25T14:03:35.812671+00:00' AIRFLOW_CTX_TRY_NUMBER='1' AIRFLOW_CTX_DAG_RUN_ID='manual__2024-09-25T14:03:35.812671+00:00'
[2024-09-25T14:03:42.700+0000] {logging_mixin.py:190} INFO - Task instance is in running state
[2024-09-25T14:03:42.700+0000] {logging_mixin.py:190} INFO -  Previous state of the Task instance: queued
[2024-09-25T14:03:42.700+0000] {logging_mixin.py:190} INFO - Current task name:upload_to_milvus state:running start_date:2024-09-25 14:03:42.632304+00:00
[2024-09-25T14:03:42.700+0000] {logging_mixin.py:190} INFO - Dag name:name_of_pipeline and current dag run status:running
[2024-09-25T14:03:42.700+0000] {taskinstance.py:731} INFO - ::endgroup::
[2024-09-25T14:03:42.700+0000] {logging_mixin.py:190} INFO - hello
[2024-09-25T14:03:42.701+0000] {python.py:240} INFO - Done. Returned value was: None
[2024-09-25T14:03:42.705+0000] {taskinstance.py:340} INFO - ::group::Post task execution logs
[2024-09-25T14:03:42.705+0000] {taskinstance.py:352} INFO - Marking task as SUCCESS. dag_id=name_of_pipeline, task_id=upload_to_milvus, run_id=manual__2024-09-25T14:03:35.812671+00:00, execution_date=20240925T140335, start_date=20240925T140342, end_date=20240925T140342
[2024-09-25T14:03:42.710+0000] {logging_mixin.py:190} INFO - Task instance in success state
[2024-09-25T14:03:42.710+0000] {logging_mixin.py:190} INFO -  Previous state of the Task instance: running
[2024-09-25T14:03:42.710+0000] {logging_mixin.py:190} INFO - Dag name:name_of_pipeline queued_at:2024-09-25 14:03:35.826424+00:00
[2024-09-25T14:03:42.710+0000] {logging_mixin.py:190} INFO - Task hostname:f40d972903b2 operator:_PythonDecoratedOperator
[2024-09-25T14:03:42.748+0000] {local_task_job_runner.py:266} INFO - Task exited with return code 0
[2024-09-25T14:03:42.757+0000] {taskinstance.py:3900} INFO - 0 downstream tasks scheduled from follow-on schedule check
[2024-09-25T14:03:42.758+0000] {local_task_job_runner.py:245} INFO - ::endgroup::
