[2024-09-25T13:56:52.253+0000] {local_task_job_runner.py:123} INFO - ::group::Pre task execution logs
[2024-09-25T13:56:52.259+0000] {taskinstance.py:2612} INFO - Dependencies all met for dep_context=non-requeueable deps ti=<TaskInstance: name_of_pipeline.load manual__2024-09-25T13:56:50.206547+00:00 [queued]>
[2024-09-25T13:56:52.263+0000] {taskinstance.py:2612} INFO - Dependencies all met for dep_context=requeueable deps ti=<TaskInstance: name_of_pipeline.load manual__2024-09-25T13:56:50.206547+00:00 [queued]>
[2024-09-25T13:56:52.263+0000] {taskinstance.py:2865} INFO - Starting attempt 1 of 1
[2024-09-25T13:56:52.269+0000] {taskinstance.py:2888} INFO - Executing <Task(_PythonDecoratedOperator): load> on 2024-09-25 13:56:50.206547+00:00
[2024-09-25T13:56:52.273+0000] {warnings.py:112} WARNING - /home/***/.local/lib/python3.12/site-packages/***/task/task_runner/standard_task_runner.py:70: DeprecationWarning: This process (pid=1657) is multi-threaded, use of fork() may lead to deadlocks in the child.
  pid = os.fork()

[2024-09-25T13:56:52.274+0000] {standard_task_runner.py:104} INFO - Running: ['***', 'tasks', 'run', 'name_of_pipeline', 'load', 'manual__2024-09-25T13:56:50.206547+00:00', '--job-id', '50', '--raw', '--subdir', 'DAGS_FOLDER/pipeline_reload.py', '--cfg-path', '/tmp/tmpq9ik553a']
[2024-09-25T13:56:52.275+0000] {standard_task_runner.py:72} INFO - Started process 1659 to run task
[2024-09-25T13:56:52.275+0000] {standard_task_runner.py:105} INFO - Job 50: Subtask load
[2024-09-25T13:56:52.295+0000] {task_command.py:467} INFO - Running <TaskInstance: name_of_pipeline.load manual__2024-09-25T13:56:50.206547+00:00 [running]> on host f40d972903b2
[2024-09-25T13:56:52.330+0000] {taskinstance.py:3131} INFO - Exporting env vars: AIRFLOW_CTX_DAG_OWNER='***' AIRFLOW_CTX_DAG_ID='name_of_pipeline' AIRFLOW_CTX_TASK_ID='load' AIRFLOW_CTX_EXECUTION_DATE='2024-09-25T13:56:50.206547+00:00' AIRFLOW_CTX_TRY_NUMBER='1' AIRFLOW_CTX_DAG_RUN_ID='manual__2024-09-25T13:56:50.206547+00:00'
[2024-09-25T13:56:52.332+0000] {logging_mixin.py:190} INFO - Task instance is in running state
[2024-09-25T13:56:52.332+0000] {logging_mixin.py:190} INFO -  Previous state of the Task instance: queued
[2024-09-25T13:56:52.333+0000] {logging_mixin.py:190} INFO - Current task name:load state:running start_date:2024-09-25 13:56:52.260332+00:00
[2024-09-25T13:56:52.333+0000] {logging_mixin.py:190} INFO - Dag name:name_of_pipeline and current dag run status:running
[2024-09-25T13:56:52.333+0000] {taskinstance.py:731} INFO - ::endgroup::
[2024-09-25T13:56:52.334+0000] {logging_mixin.py:190} INFO - hello
[2024-09-25T13:56:52.334+0000] {python.py:240} INFO - Done. Returned value was: None
[2024-09-25T13:56:52.339+0000] {taskinstance.py:340} INFO - ::group::Post task execution logs
[2024-09-25T13:56:52.339+0000] {taskinstance.py:352} INFO - Marking task as SUCCESS. dag_id=name_of_pipeline, task_id=load, run_id=manual__2024-09-25T13:56:50.206547+00:00, execution_date=20240925T135650, start_date=20240925T135652, end_date=20240925T135652
[2024-09-25T13:56:52.344+0000] {logging_mixin.py:190} INFO - Task instance in success state
[2024-09-25T13:56:52.344+0000] {logging_mixin.py:190} INFO -  Previous state of the Task instance: running
[2024-09-25T13:56:52.344+0000] {logging_mixin.py:190} INFO - Dag name:name_of_pipeline queued_at:2024-09-25 13:56:50.216482+00:00
[2024-09-25T13:56:52.345+0000] {logging_mixin.py:190} INFO - Task hostname:f40d972903b2 operator:_PythonDecoratedOperator
[2024-09-25T13:56:52.376+0000] {local_task_job_runner.py:266} INFO - Task exited with return code 0
[2024-09-25T13:56:52.391+0000] {taskinstance.py:3900} INFO - 1 downstream tasks scheduled from follow-on schedule check
[2024-09-25T13:56:52.392+0000] {local_task_job_runner.py:245} INFO - ::endgroup::
