[2024-09-25T14:10:53.245+0000] {local_task_job_runner.py:123} INFO - ::group::Pre task execution logs
[2024-09-25T14:10:53.253+0000] {taskinstance.py:2612} INFO - Dependencies all met for dep_context=non-requeueable deps ti=<TaskInstance: name_of_pipeline.choose_branch manual__2024-09-25T14:10:49.771997+00:00 [queued]>
[2024-09-25T14:10:53.257+0000] {taskinstance.py:2612} INFO - Dependencies all met for dep_context=requeueable deps ti=<TaskInstance: name_of_pipeline.choose_branch manual__2024-09-25T14:10:49.771997+00:00 [queued]>
[2024-09-25T14:10:53.257+0000] {taskinstance.py:2865} INFO - Starting attempt 1 of 1
[2024-09-25T14:10:53.264+0000] {taskinstance.py:2888} INFO - Executing <Task(_BranchPythonDecoratedOperator): choose_branch> on 2024-09-25 14:10:49.771997+00:00
[2024-09-25T14:10:53.268+0000] {warnings.py:112} WARNING - /home/***/.local/lib/python3.12/site-packages/***/task/task_runner/standard_task_runner.py:70: DeprecationWarning: This process (pid=1963) is multi-threaded, use of fork() may lead to deadlocks in the child.
  pid = os.fork()

[2024-09-25T14:10:53.269+0000] {standard_task_runner.py:72} INFO - Started process 1965 to run task
[2024-09-25T14:10:53.269+0000] {standard_task_runner.py:104} INFO - Running: ['***', 'tasks', 'run', 'name_of_pipeline', 'choose_branch', 'manual__2024-09-25T14:10:49.771997+00:00', '--job-id', '79', '--raw', '--subdir', 'DAGS_FOLDER/pipeline_reload.py', '--cfg-path', '/tmp/tmp_8qcl84h']
[2024-09-25T14:10:53.271+0000] {standard_task_runner.py:105} INFO - Job 79: Subtask choose_branch
[2024-09-25T14:10:53.304+0000] {task_command.py:467} INFO - Running <TaskInstance: name_of_pipeline.choose_branch manual__2024-09-25T14:10:49.771997+00:00 [running]> on host f40d972903b2
[2024-09-25T14:10:53.346+0000] {taskinstance.py:3131} INFO - Exporting env vars: AIRFLOW_CTX_DAG_OWNER='***' AIRFLOW_CTX_DAG_ID='name_of_pipeline' AIRFLOW_CTX_TASK_ID='choose_branch' AIRFLOW_CTX_EXECUTION_DATE='2024-09-25T14:10:49.771997+00:00' AIRFLOW_CTX_TRY_NUMBER='1' AIRFLOW_CTX_DAG_RUN_ID='manual__2024-09-25T14:10:49.771997+00:00'
[2024-09-25T14:10:53.349+0000] {logging_mixin.py:190} INFO - Task instance is in running state
[2024-09-25T14:10:53.349+0000] {logging_mixin.py:190} INFO -  Previous state of the Task instance: queued
[2024-09-25T14:10:53.350+0000] {logging_mixin.py:190} INFO - Current task name:choose_branch state:running start_date:2024-09-25 14:10:53.253607+00:00
[2024-09-25T14:10:53.350+0000] {logging_mixin.py:190} INFO - Dag name:name_of_pipeline and current dag run status:running
[2024-09-25T14:10:53.351+0000] {taskinstance.py:731} INFO - ::endgroup::
[2024-09-25T14:10:53.352+0000] {python.py:240} INFO - Done. Returned value was: search_embedder
[2024-09-25T14:10:53.352+0000] {branch.py:38} INFO - Branch into search_embedder
[2024-09-25T14:10:53.353+0000] {skipmixin.py:230} INFO - Following branch ('search_embedder',)
[2024-09-25T14:10:53.361+0000] {skipmixin.py:278} INFO - Skipping tasks [('rec_embedder', -1)]
[2024-09-25T14:10:53.385+0000] {taskinstance.py:340} INFO - ::group::Post task execution logs
[2024-09-25T14:10:53.385+0000] {taskinstance.py:352} INFO - Marking task as SUCCESS. dag_id=name_of_pipeline, task_id=choose_branch, run_id=manual__2024-09-25T14:10:49.771997+00:00, execution_date=20240925T141049, start_date=20240925T141053, end_date=20240925T141053
[2024-09-25T14:10:53.393+0000] {logging_mixin.py:190} INFO - Task instance in success state
[2024-09-25T14:10:53.394+0000] {logging_mixin.py:190} INFO -  Previous state of the Task instance: running
[2024-09-25T14:10:53.394+0000] {logging_mixin.py:190} INFO - Dag name:name_of_pipeline queued_at:2024-09-25 14:10:49.781813+00:00
[2024-09-25T14:10:53.394+0000] {logging_mixin.py:190} INFO - Task hostname:f40d972903b2 operator:_BranchPythonDecoratedOperator
[2024-09-25T14:10:53.409+0000] {local_task_job_runner.py:266} INFO - Task exited with return code 0
[2024-09-25T14:10:53.430+0000] {taskinstance.py:3900} INFO - 1 downstream tasks scheduled from follow-on schedule check
[2024-09-25T14:10:53.432+0000] {local_task_job_runner.py:245} INFO - ::endgroup::
