[2024-09-25T14:11:28.496+0000] {local_task_job_runner.py:123} INFO - ::group::Pre task execution logs
[2024-09-25T14:11:28.505+0000] {taskinstance.py:2612} INFO - Dependencies all met for dep_context=non-requeueable deps ti=<TaskInstance: name_of_pipeline.choose_branch manual__2024-09-25T14:11:24.780702+00:00 [queued]>
[2024-09-25T14:11:28.509+0000] {taskinstance.py:2612} INFO - Dependencies all met for dep_context=requeueable deps ti=<TaskInstance: name_of_pipeline.choose_branch manual__2024-09-25T14:11:24.780702+00:00 [queued]>
[2024-09-25T14:11:28.509+0000] {taskinstance.py:2865} INFO - Starting attempt 1 of 1
[2024-09-25T14:11:28.516+0000] {taskinstance.py:2888} INFO - Executing <Task(_BranchPythonDecoratedOperator): choose_branch> on 2024-09-25 14:11:24.780702+00:00
[2024-09-25T14:11:28.520+0000] {warnings.py:112} WARNING - /home/***/.local/lib/python3.12/site-packages/***/task/task_runner/standard_task_runner.py:70: DeprecationWarning: This process (pid=1990) is multi-threaded, use of fork() may lead to deadlocks in the child.
  pid = os.fork()

[2024-09-25T14:11:28.521+0000] {standard_task_runner.py:72} INFO - Started process 1992 to run task
[2024-09-25T14:11:28.521+0000] {standard_task_runner.py:104} INFO - Running: ['***', 'tasks', 'run', 'name_of_pipeline', 'choose_branch', 'manual__2024-09-25T14:11:24.780702+00:00', '--job-id', '84', '--raw', '--subdir', 'DAGS_FOLDER/pipeline_reload.py', '--cfg-path', '/tmp/tmp7dd2r5yz']
[2024-09-25T14:11:28.522+0000] {standard_task_runner.py:105} INFO - Job 84: Subtask choose_branch
[2024-09-25T14:11:28.545+0000] {task_command.py:467} INFO - Running <TaskInstance: name_of_pipeline.choose_branch manual__2024-09-25T14:11:24.780702+00:00 [running]> on host f40d972903b2
[2024-09-25T14:11:28.586+0000] {taskinstance.py:3131} INFO - Exporting env vars: AIRFLOW_CTX_DAG_OWNER='***' AIRFLOW_CTX_DAG_ID='name_of_pipeline' AIRFLOW_CTX_TASK_ID='choose_branch' AIRFLOW_CTX_EXECUTION_DATE='2024-09-25T14:11:24.780702+00:00' AIRFLOW_CTX_TRY_NUMBER='1' AIRFLOW_CTX_DAG_RUN_ID='manual__2024-09-25T14:11:24.780702+00:00'
[2024-09-25T14:11:28.587+0000] {logging_mixin.py:190} INFO - Task instance is in running state
[2024-09-25T14:11:28.587+0000] {logging_mixin.py:190} INFO -  Previous state of the Task instance: queued
[2024-09-25T14:11:28.587+0000] {logging_mixin.py:190} INFO - Current task name:choose_branch state:running start_date:2024-09-25 14:11:28.505760+00:00
[2024-09-25T14:11:28.587+0000] {logging_mixin.py:190} INFO - Dag name:name_of_pipeline and current dag run status:running
[2024-09-25T14:11:28.588+0000] {taskinstance.py:731} INFO - ::endgroup::
[2024-09-25T14:11:28.588+0000] {python.py:240} INFO - Done. Returned value was: search_embedder
[2024-09-25T14:11:28.588+0000] {branch.py:38} INFO - Branch into search_embedder
[2024-09-25T14:11:28.589+0000] {skipmixin.py:230} INFO - Following branch ('search_embedder',)
[2024-09-25T14:11:28.594+0000] {skipmixin.py:278} INFO - Skipping tasks [('rec_embedder', -1)]
[2024-09-25T14:11:28.609+0000] {taskinstance.py:340} INFO - ::group::Post task execution logs
[2024-09-25T14:11:28.610+0000] {taskinstance.py:352} INFO - Marking task as SUCCESS. dag_id=name_of_pipeline, task_id=choose_branch, run_id=manual__2024-09-25T14:11:24.780702+00:00, execution_date=20240925T141124, start_date=20240925T141128, end_date=20240925T141128
[2024-09-25T14:11:28.614+0000] {logging_mixin.py:190} INFO - Task instance in success state
[2024-09-25T14:11:28.614+0000] {logging_mixin.py:190} INFO -  Previous state of the Task instance: running
[2024-09-25T14:11:28.615+0000] {logging_mixin.py:190} INFO - Dag name:name_of_pipeline queued_at:2024-09-25 14:11:24.792048+00:00
[2024-09-25T14:11:28.615+0000] {logging_mixin.py:190} INFO - Task hostname:f40d972903b2 operator:_BranchPythonDecoratedOperator
[2024-09-25T14:11:28.620+0000] {local_task_job_runner.py:266} INFO - Task exited with return code 0
[2024-09-25T14:11:28.637+0000] {taskinstance.py:3900} INFO - 1 downstream tasks scheduled from follow-on schedule check
[2024-09-25T14:11:28.639+0000] {local_task_job_runner.py:245} INFO - ::endgroup::
